# JRE version: Java(TM) SE Runtime Environment 18.9 (11.0.7+8) (build 11.0.7+8-LTS)
# Java VM: Java HotSpot(TM) 64-Bit Server VM 18.9 (11.0.7+8-LTS, mixed mode, tiered, compressed oops, g1 gc, windows-amd64)
Heap:
 garbage-first heap   total 131072K, used 63201K [0x0000000080c00000, 0x0000000100000000)
  region size 1024K, 56 young (57344K), 4 survivors (4096K)
 Metaspace       used 29558K, capacity 30508K, committed 30720K, reserved 1075200K
  class space    used 3645K, capacity 4018K, committed 4096K, reserved 1048576K
GC Heap History (8 events):
Event: 1.091 GC heap before
{Heap before GC invocations=0 (full 0):
 garbage-first heap   total 131072K, used 24576K [0x0000000080c00000, 0x0000000100000000)
  region size 1024K, 24 young (24576K), 0 survivors (0K)
 Metaspace       used 14428K, capacity 14854K, committed 14976K, reserved 1062912K
  class space    used 1523K, capacity 1655K, committed 1664K, reserved 1048576K
}
Event: 1.098 GC heap after
{Heap after GC invocations=1 (full 0):
 garbage-first heap   total 131072K, used 7280K [0x0000000080c00000, 0x0000000100000000)
  region size 1024K, 3 young (3072K), 3 survivors (3072K)
 Metaspace       used 14428K, capacity 14854K, committed 14976K, reserved 1062912K
  class space    used 1523K, capacity 1655K, committed 1664K, reserved 1048576K
}
Event: 1.419 GC heap before
{Heap before GC invocations=1 (full 0):
 garbage-first heap   total 131072K, used 45168K [0x0000000080c00000, 0x0000000100000000)
  region size 1024K, 41 young (41984K), 3 survivors (3072K)
 Metaspace       used 20502K, capacity 21123K, committed 21248K, reserved 1067008K
  class space    used 2461K, capacity 2719K, committed 2816K, reserved 1048576K
}
Event: 1.426 GC heap after
{Heap after GC invocations=2 (full 0):
 garbage-first heap   total 131072K, used 9075K [0x0000000080c00000, 0x0000000100000000)
  region size 1024K, 5 young (5120K), 5 survivors (5120K)
 Metaspace       used 20502K, capacity 21123K, committed 21248K, reserved 1067008K
  class space    used 2461K, capacity 2719K, committed 2816K, reserved 1048576K
}
Event: 1.578 GC heap before
{Heap before GC invocations=3 (full 0):
 garbage-first heap   total 131072K, used 27507K [0x0000000080c00000, 0x0000000100000000)
  region size 1024K, 23 young (23552K), 5 survivors (5120K)
 Metaspace       used 23317K, capacity 24029K, committed 24192K, reserved 1071104K
  class space    used 2828K, capacity 3097K, committed 3200K, reserved 1048576K
}
Event: 1.586 GC heap after
{Heap after GC invocations=4 (full 0):
 garbage-first heap   total 131072K, used 9839K [0x0000000080c00000, 0x0000000100000000)
  region size 1024K, 1 young (1024K), 1 survivors (1024K)
 Metaspace       used 23317K, capacity 24029K, committed 24192K, reserved 1071104K
  class space    used 2828K, capacity 3097K, committed 3200K, reserved 1048576K
}
Event: 2.076 GC heap before
{Heap before GC invocations=4 (full 0):
 garbage-first heap   total 131072K, used 60015K [0x0000000080c00000, 0x0000000100000000)
  region size 1024K, 51 young (52224K), 1 survivors (1024K)
 Metaspace       used 27863K, capacity 28654K, committed 28800K, reserved 1075200K
  class space    used 3389K, capacity 3704K, committed 3712K, reserved 1048576K
}
Event: 2.083 GC heap after
{Heap after GC invocations=5 (full 0):
 garbage-first heap   total 131072K, used 12001K [0x0000000080c00000, 0x0000000100000000)
  region size 1024K, 4 young (4096K), 4 survivors (4096K)
 Metaspace       used 27863K, capacity 28654K, committed 28800K, reserved 1075200K
  class space    used 3389K, capacity 3704K, committed 3712K, reserved 1048576K
}

